<?xml version="1.0" encoding="utf-8"?><testsuites name="pytest tests"><testsuite name="pytest" errors="0" failures="0" skipped="0" tests="92" time="45.524" timestamp="2026-09-03T13:21:38.687907-04:00" hostname="Mac.lan"><testcase classname="tests.training.phase18.test_g3_buffer_state" name="test_capture_and_restore_are_exact_and_the_restored_buffer_processes_identically" time="0.244" /><testcase classname="tests.training.phase18.test_g3_buffer_state" name="test_the_restored_buffer_keeps_attributing_and_filtering" time="0.002" /><testcase classname="tests.training.phase18.test_g3_buffer_state" name="test_a_foreign_buffer_version_is_refused" time="0.001" /><testcase classname="tests.training.phase18.test_g3_live_store" name="test_a_period_commits_finalises_and_verifies" time="0.616" /><testcase classname="tests.training.phase18.test_g3_live_store" name="test_the_selected_decisions_follow_the_accepted_sampler_shape" time="0.001" /><testcase classname="tests.training.phase18.test_g3_live_store" name="test_examples_reproduce_the_accepted_builder_exactly" time="0.057" /><testcase classname="tests.training.phase18.test_g3_live_store" name="test_a_period_is_never_appended_to_and_later_periods_can_be_discarded" time="0.039" /><testcase classname="tests.training.phase18.test_g3_live_store" name="test_an_unfinalised_period_is_invisible_and_a_wrong_split_is_refused" time="0.007" /><testcase classname="tests.training.phase18.test_g3_live_store" name="test_the_semantic_comparison_passes_when_only_the_lineage_stamp_differs" time="0.074" /><testcase classname="tests.training.phase18.test_g3_live_store" name="test_the_semantic_comparison_fails_on_a_non_lineage_metadata_field_on_disk" time="0.076" /><testcase classname="tests.training.phase18.test_g3_live_store" name="test_the_semantic_comparison_fails_on_every_non_lineage_difference" time="0.075" /><testcase classname="tests.training.phase18.test_g3_live_store" name="test_the_raw_digest_still_audits_the_files" time="0.074" /><testcase classname="tests.training.phase18.test_g3_collector" name="test_one_period_plays_from_the_pool_and_reconciles" time="0.104" /><testcase classname="tests.training.phase18.test_g3_collector" name="test_outcomes_attribute_to_the_played_rows_from_the_owners_view" time="0.191" /><testcase classname="tests.training.phase18.test_g3_collector" name="test_both_lineages_produce_identical_period_one_games" time="0.398" /><testcase classname="tests.training.phase18.test_g3_collector" name="test_capture_and_restore_reproduce_the_next_period_exactly" time="0.147" /><testcase classname="tests.training.phase18.test_g3_collector" name="test_an_unattributable_outcome_is_fatal" time="0.024" /><testcase classname="tests.training.phase18.test_g3_collector" name="test_the_reserved_and_test_bases_are_refused" time="0.000" /><testcase classname="tests.training.phase18.test_g3_c1_mixture" name="test_plans_are_pure_functions_of_cursor_universe_and_seed" time="0.459" /><testcase classname="tests.training.phase18.test_g3_c1_mixture" name="test_a_period_of_mixed_updates_is_deterministic_and_records_its_keys" time="0.212" /><testcase classname="tests.training.phase18.test_g3_c1_mixture" name="test_the_production_mixture_is_128_canonical_and_128_live_for_64_updates" time="0.386" /><testcase classname="tests.training.phase18.test_g3_c1_mixture" name="test_a_period_whose_served_mixture_differs_from_the_plan_fails_at_the_step" time="0.052" /><testcase classname="tests.training.phase18.test_g3_c1_mixture" name="test_resume_serves_the_exact_next_batches" time="0.310" /><testcase classname="tests.training.phase18.test_g3_c1_mixture" name="test_the_parallel_loader_reproduces_the_serial_batches" time="0.846" /><testcase classname="tests.training.phase18.test_g3_c1_mixture" name="test_a_period_must_consume_every_planned_batch" time="0.059" /><testcase classname="tests.training.phase18.test_g3_pilot" name="test_both_lineages_are_identical_before_setup_learning_begins" time="1.451" /><testcase classname="tests.training.phase18.test_g3_pilot" name="test_the_control_setup_model_hash_never_changes" time="0.001" /><testcase classname="tests.training.phase18.test_g3_pilot" name="test_the_candidate_setup_model_changes_after_a_real_update" time="0.000" /><testcase classname="tests.training.phase18.test_g3_pilot" name="test_both_lineages_receive_the_equal_gameplay_update_budget" time="0.001" /><testcase classname="tests.training.phase18.test_g3_pilot" name="test_each_lineage_uses_only_its_own_matched_bundle" time="0.025" /><testcase classname="tests.training.phase18.test_g3_pilot" name="test_required_files_are_written_and_a_tampered_component_is_refused" time="0.016" /><testcase classname="tests.training.phase18.test_g3_pilot" name="test_duplicate_boards_collapse_to_one_row_and_both_games_attribute_to_it" time="3.804" /><testcase classname="tests.training.phase18.test_g3_pilot" name="test_checkpoint_save_and_resume_across_an_unfinished_game_reproduces_the_continuation" time="2.205" /><testcase classname="tests.training.phase18.test_g3_pilot" name="test_resume_selects_the_latest_verified_bundle_and_replays_without_duplicates" time="1.301" /><testcase classname="tests.training.phase18.test_g3_pilot" name="test_recovery_refuses_a_history_it_cannot_restore_exactly" time="0.539" /><testcase classname="tests.training.phase18.test_g3_pilot" name="test_fairness_conditions_hold_on_the_smoke_pilot_and_fail_on_tampering" time="0.100" /><testcase classname="tests.training.phase18.test_g3_pilot" name="test_the_period_one_gate_passes_with_completed_games_and_unequal_raw_digests" time="0.905" /><testcase classname="tests.training.phase18.test_g3_pilot" name="test_decision_input_requires_every_condition" time="0.000" /><testcase classname="tests.training.phase18.test_g3_driver" name="test_the_production_configuration_is_the_reviewers_frozen_defaults" time="0.001" /><testcase classname="tests.training.phase18.test_g3_driver" name="test_the_freeze_is_deterministic_and_binds_the_evaluation_schedule" time="0.385" /><testcase classname="tests.training.phase18.test_g3_driver" name="test_verify_frozen_identity_refuses_any_drift" time="0.288" /><testcase classname="tests.training.phase18.test_g3_driver" name="test_diagnostic_arms_are_gated_and_the_final_arms_are_the_primary" time="0.000" /><testcase classname="tests.training.phase18.test_g3_driver" name="test_the_driver_never_continues_past_the_horizon" time="0.000" /><testcase classname="tests.training.phase18.test_g3_driver" name="test_stale_verification_evidence_is_refused_at_launch" time="0.008" /><testcase classname="tests.training.phase18.test_g3_driver" name="test_source_drift_or_a_mismatched_commit_is_refused_before_every_stage" time="0.011" /><testcase classname="tests.training.phase18.test_g3_driver" name="test_every_post_launch_stage_refuses_without_the_launch_manifest" time="0.513" /><testcase classname="tests.training.phase18.test_g3_driver" name="test_the_runtime_root_is_bound_to_the_launch_manifest" time="0.001" /><testcase classname="tests.evaluation.phase18.test_g3_evaluation" name="test_the_full_case_set_is_160_bases_by_16_cases_and_never_opens_a_reserved_base" time="0.131" /><testcase classname="tests.evaluation.phase18.test_g3_evaluation" name="test_the_schedule_is_identical_across_arms_with_matched_cases" time="0.100" /><testcase classname="tests.evaluation.phase18.test_g3_evaluation" name="test_own_setups_are_a_pure_function_of_the_bundle_and_the_case_seed" time="0.303" /><testcase classname="tests.evaluation.phase18.test_g3_evaluation" name="test_cross_lineage_pairing_and_mismatched_digests_are_refused" time="1.548" /><testcase classname="tests.evaluation.phase18.test_g3_evaluation" name="test_a_tiny_schedule_plays_reconciles_and_pairs_across_arms" time="7.263" /><testcase classname="tests.evaluation.phase18.test_g3_evaluation" name="test_the_stratified_bootstrap_reproduces_the_design_formula_and_the_rule" time="0.003" /><testcase classname="tests.training.phase18.test_setup_learning" name="test_the_entropy_target_is_i_over_ten_and_the_head_converges_to_it_not_to_i" time="9.075" /><testcase classname="tests.training.phase18.test_setup_learning" name="test_a_ratio_of_one_gives_minus_the_mean_advantage" time="0.015" /><testcase classname="tests.training.phase18.test_setup_learning" name="test_a_positive_advantage_with_ratio_above_1_2_is_clipped_and_a_negative_below_0_8_is_clipped" time="0.058" /><testcase classname="tests.training.phase18.test_setup_learning" name="test_the_kl_is_current_given_behavior_and_illegal_types_contribute_exactly_zero" time="0.043" /><testcase classname="tests.training.phase18.test_setup_learning" name="test_the_four_coefficients_are_frozen_and_the_total_is_their_weighted_sum" time="0.018" /><testcase classname="tests.training.phase18.test_setup_learning" name="test_adam_and_adamw_at_zero_weight_decay_take_identical_steps" time="6.425" /><testcase classname="tests.training.phase18.test_setup_learning" name="test_the_trainer_uses_adamw_with_zero_decay_and_the_config_refuses_a_nonzero_decay" time="0.002" /><testcase classname="tests.training.phase18.test_setup_learning" name="test_one_optimizer_step_per_minibatch_per_epoch_and_one_ema_update[48-48-5]" time="0.183" /><testcase classname="tests.training.phase18.test_setup_learning" name="test_one_optimizer_step_per_minibatch_per_epoch_and_one_ema_update[48-32-10]" time="0.204" /><testcase classname="tests.training.phase18.test_setup_learning" name="test_one_optimizer_step_per_minibatch_per_epoch_and_one_ema_update[48-16-15]" time="0.222" /><testcase classname="tests.training.phase18.test_setup_learning" name="test_the_production_batch_is_1024_setups_which_is_one_step_per_epoch_at_1024_ready" time="0.000" /><testcase classname="tests.training.phase18.test_setup_learning" name="test_the_post_clip_norm_never_exceeds_0_5_and_only_setup_parameters_are_stepped" time="0.182" /><testcase classname="tests.training.phase18.test_setup_learning" name="test_the_ema_follows_the_closed_form_and_is_updated_once_per_update" time="0.285" /><testcase classname="tests.training.phase18.test_setup_learning" name="test_the_raw_model_generates_and_the_ema_only_evaluates" time="0.186" /><testcase classname="tests.training.phase18.test_setup_learning" name="test_save_reload_and_one_more_update[cpu]" time="0.723" /><testcase classname="tests.training.phase18.test_setup_learning" name="test_save_reload_and_one_more_update[mps]" time="2.409" /><testcase classname="tests.training.phase18.test_setup_learning" name="test_a_tampered_checkpoint_file_is_refused" time="0.020" /><testcase classname="tests.training.phase18.test_setup_learning" name="test_a_non_finite_loss_is_fatal" time="0.019" /><testcase classname="tests.training.phase18.test_setup_buffer" name="test_category_order_is_loss_draw_win_and_the_aggregation_vector_is_minus_one_zero_one" time="0.000" /><testcase classname="tests.training.phase18.test_setup_buffer" name="test_value_logits_are_stored_and_softmaxed_when_they_enter_the_advantage" time="0.002" /><testcase classname="tests.training.phase18.test_setup_buffer" name="test_a_known_multiset_of_outcomes_aggregates_to_the_closed_form" time="0.001" /><testcase classname="tests.training.phase18.test_setup_buffer" name="test_a_setup_with_zero_outcomes_is_excluded_not_trained_as_a_draw" time="0.001" /><testcase classname="tests.training.phase18.test_setup_buffer" name="test_a_period_with_no_outcomes_at_all_refuses_rather_than_inventing_draws" time="0.001" /><testcase classname="tests.training.phase18.test_setup_buffer" name="test_identical_played_boards_collapse_to_one_row_bound_to_the_newer_snapshot" time="0.000" /><testcase classname="tests.training.phase18.test_setup_buffer" name="test_mark_most_recent_appearance_matches_the_published_helper" time="0.000" /><testcase classname="tests.training.phase18.test_setup_buffer" name="test_an_outcome_for_an_unknown_setup_is_fatal_never_dropped" time="0.000" /><testcase classname="tests.training.phase18.test_setup_buffer" name="test_the_residual_is_exactly_zero_when_h_equals_i_over_ten" time="0.001" /><testcase classname="tests.training.phase18.test_setup_buffer" name="test_the_centered_form_averages_to_zero_where_phase17s_form_leaves_nine_tenths_of_i" time="0.000" /><testcase classname="tests.training.phase18.test_setup_buffer" name="test_the_processed_advantage_uses_ten_times_h" time="0.002" /><testcase classname="tests.training.phase18.test_setup_buffer" name="test_advantage_terms_are_reported_separately" time="0.002" /><testcase classname="tests.training.phase18.test_setup_buffer" name="test_alpha_is_the_published_power_schedule_and_no_clamp_binds_within_the_horizon" time="0.000" /><testcase classname="tests.training.phase18.test_setup_buffer" name="test_the_published_recursion_at_lambda_one_equals_the_flat_form" time="0.003" /><testcase classname="tests.training.phase18.test_setup_buffer" name="test_a_lambda_other_than_one_is_refused_rather_than_silently_computed" time="0.001" /><testcase classname="tests.training.phase18.test_setup_buffer" name="test_the_batch_carries_forty_prefix_rows_per_ready_setup_with_no_mask" time="0.002" /><testcase classname="tests.training.phase18.test_setup_buffer" name="test_an_outcome_finishing_under_the_next_pool_attributes_to_the_old_row" time="0.001" /><testcase classname="tests.training.phase18.test_setup_buffer" name="test_an_undersized_window_raises_rather_than_dropping_the_outcome" time="0.001" /><testcase classname="tests.training.phase18.test_setup_buffer" name="test_the_advantage_uses_recorded_behavior_quantities_not_a_reforward" time="0.006" /><testcase classname="tests.training.phase18.test_setup_buffer" name="test_counts_and_ready_flags_reset_when_a_new_pool_arrives" time="0.001" /><testcase classname="tests.training.phase18.test_setup_buffer" name="test_minibatches_flip_played_boards_back_and_refuse_a_corrupted_record" time="0.004" /></testsuite></testsuites>