<?xml version="1.0" encoding="utf-8"?><testsuites name="pytest tests"><testsuite name="pytest" errors="0" failures="0" skipped="0" tests="131" time="28.733" timestamp="2026-09-02T13:20:28.243227-04:00" hostname="Mac.lan"><testcase classname="tests.training.phase18.test_coverage" name="test_every_g2_row_resolves_its_symbols_and_tests" time="0.007" /><testcase classname="tests.training.phase18.test_coverage" name="test_rows_s31_to_s35_are_listed_as_out_of_scope_and_never_complete" time="0.007" /><testcase classname="tests.training.phase18.test_coverage" name="test_a_row_is_complete_only_when_every_cited_test_passed" time="0.007" /><testcase classname="tests.training.phase18.test_coverage" name="test_the_method_map_statuses_are_carried_not_restated" time="0.007" /><testcase classname="tests.training.phase18.test_g2_driver" name="test_the_driver_reaches_no_game_runner_corpus_or_evaluation_bank" time="0.007" /><testcase classname="tests.training.phase18.test_g2_driver" name="test_the_frozen_design_is_not_reduced_and_the_freeze_is_deterministic" time="0.019" /><testcase classname="tests.training.phase18.test_g2_driver" name="test_verify_frozen_identity_refuses_any_drift" time="0.011" /><testcase classname="tests.training.phase18.test_g2_driver" name="test_parse_junit_keeps_the_worst_case_of_a_parametrised_test" time="0.001" /><testcase classname="tests.training.phase18.test_g2_driver" name="test_the_criteria_read_all_three_seeds_the_pooled_lower_bound_and_the_median_gap" time="0.033" /><testcase classname="tests.training.phase18.test_g2_driver" name="test_the_binding_ledger_flags_a_mismatched_source_commit" time="0.002" /><testcase classname="tests.training.phase18.test_g2_raw_confirmation_driver" name="test_the_driver_reaches_no_game_runner_corpus_or_evaluation_bank" time="0.010" /><testcase classname="tests.training.phase18.test_g2_raw_confirmation_driver" name="test_every_seed_derives_from_the_base_commit_and_the_namespace" time="0.001" /><testcase classname="tests.training.phase18.test_g2_raw_confirmation_driver" name="test_the_freeze_is_deterministic_fresh_and_method_identical_to_g2" time="0.019" /><testcase classname="tests.training.phase18.test_g2_raw_confirmation_driver" name="test_the_certificate_verifies_from_the_recorded_potentials_and_fails_when_perturbed" time="0.000" /><testcase classname="tests.training.phase18.test_g2_raw_confirmation_driver" name="test_verify_frozen_identity_refuses_any_drift" time="0.010" /><testcase classname="tests.training.phase18.test_g2_raw_confirmation_driver" name="test_the_criteria_read_all_three_seeds_the_pooled_lower_bound_and_the_median_gap" time="0.029" /><testcase classname="tests.training.phase18.test_g2_raw_confirmation_driver" name="test_the_frozen_decision_rule" time="0.000" /><testcase classname="tests.training.phase18.test_g2_raw_confirmation_driver" name="test_sample_count_integrity_flags_a_short_or_non_finite_array" time="0.001" /><testcase classname="tests.training.phase18.test_g2_raw_confirmation_driver" name="test_the_binding_ledger_flags_a_mismatched_source_commit" time="0.001" /><testcase classname="tests.training.phase18.test_reference_oracle" name="test_the_oracle_never_imports_the_production_loss_or_buffer" time="0.003" /><testcase classname="tests.training.phase18.test_reference_oracle" name="test_masks_and_information_and_expected_values_and_aggregation_and_advantage_match" time="0.233" /><testcase classname="tests.training.phase18.test_reference_oracle" name="test_i_minus_ten_h_in_the_oracle_is_the_published_denormalisation" time="0.000" /><testcase classname="tests.training.phase18.test_reference_oracle" name="test_every_loss_term_and_the_total_match_the_oracle_in_double_precision" time="0.014" /><testcase classname="tests.training.phase18.test_reference_oracle" name="test_the_oracle_ppo_clips_in_both_directions_and_the_kl_direction_is_current_given_behavior" time="0.000" /><testcase classname="tests.training.phase18.test_reference_oracle" name="test_production_gradients_match_central_finite_differences_of_the_oracle_loss[piece_head.bias-10]" time="0.033" /><testcase classname="tests.training.phase18.test_reference_oracle" name="test_production_gradients_match_central_finite_differences_of_the_oracle_loss[piece_head.weight-5]" time="0.022" /><testcase classname="tests.training.phase18.test_reference_oracle" name="test_production_gradients_match_central_finite_differences_of_the_oracle_loss[wdl_head.bias-2]" time="0.022" /><testcase classname="tests.training.phase18.test_reference_oracle" name="test_production_gradients_match_central_finite_differences_of_the_oracle_loss[entropy_head.bias-0]" time="0.022" /><testcase classname="tests.training.phase18.test_reference_oracle" name="test_production_gradients_match_central_finite_differences_of_the_oracle_loss[entropy_head.weight-17]" time="0.022" /><testcase classname="tests.training.phase18.test_reference_oracle" name="test_production_gradients_match_central_finite_differences_of_the_oracle_loss[layers.0.attention.query.weight-130]" time="0.022" /><testcase classname="tests.training.phase18.test_reference_oracle" name="test_production_gradients_match_central_finite_differences_of_the_oracle_loss[layers.3.feed_forward.2.bias-9]" time="0.022" /><testcase classname="tests.training.phase18.test_reference_oracle" name="test_production_gradients_match_central_finite_differences_of_the_oracle_loss[token_embedding.weight-1540]" time="0.022" /><testcase classname="tests.training.phase18.test_reference_oracle" name="test_production_gradients_match_central_finite_differences_of_the_oracle_loss[positional_embedding.weight-643]" time="0.022" /><testcase classname="tests.training.phase18.test_reference_oracle" name="test_production_gradients_match_central_finite_differences_of_the_oracle_loss[final_norm.weight-40]" time="0.022" /><testcase classname="tests.training.phase18.test_reference_oracle" name="test_torch_adamw_at_zero_decay_matches_the_oracle_adam_update" time="0.395" /><testcase classname="tests.training.phase18.test_reference_oracle" name="test_clip_grad_norm_scale_matches_the_oracle" time="0.013" /><testcase classname="tests.training.phase18.test_reference_oracle" name="test_step_counts_and_ema_cadence_follow_the_published_loop" time="0.000" /><testcase classname="tests.training.phase18.test_setup_buffer" name="test_category_order_is_loss_draw_win_and_the_aggregation_vector_is_minus_one_zero_one" time="0.000" /><testcase classname="tests.training.phase18.test_setup_buffer" name="test_value_logits_are_stored_and_softmaxed_when_they_enter_the_advantage" time="0.002" /><testcase classname="tests.training.phase18.test_setup_buffer" name="test_a_known_multiset_of_outcomes_aggregates_to_the_closed_form" time="0.001" /><testcase classname="tests.training.phase18.test_setup_buffer" name="test_a_setup_with_zero_outcomes_is_excluded_not_trained_as_a_draw" time="0.001" /><testcase classname="tests.training.phase18.test_setup_buffer" name="test_a_period_with_no_outcomes_at_all_refuses_rather_than_inventing_draws" time="0.001" /><testcase classname="tests.training.phase18.test_setup_buffer" name="test_identical_played_boards_collapse_to_one_row_bound_to_the_newer_snapshot" time="0.000" /><testcase classname="tests.training.phase18.test_setup_buffer" name="test_mark_most_recent_appearance_matches_the_published_helper" time="0.000" /><testcase classname="tests.training.phase18.test_setup_buffer" name="test_an_outcome_for_an_unknown_setup_is_fatal_never_dropped" time="0.000" /><testcase classname="tests.training.phase18.test_setup_buffer" name="test_the_residual_is_exactly_zero_when_h_equals_i_over_ten" time="0.001" /><testcase classname="tests.training.phase18.test_setup_buffer" name="test_the_centered_form_averages_to_zero_where_phase17s_form_leaves_nine_tenths_of_i" time="0.000" /><testcase classname="tests.training.phase18.test_setup_buffer" name="test_the_processed_advantage_uses_ten_times_h" time="0.002" /><testcase classname="tests.training.phase18.test_setup_buffer" name="test_advantage_terms_are_reported_separately" time="0.002" /><testcase classname="tests.training.phase18.test_setup_buffer" name="test_alpha_is_the_published_power_schedule_and_no_clamp_binds_within_the_horizon" time="0.000" /><testcase classname="tests.training.phase18.test_setup_buffer" name="test_the_published_recursion_at_lambda_one_equals_the_flat_form" time="0.003" /><testcase classname="tests.training.phase18.test_setup_buffer" name="test_a_lambda_other_than_one_is_refused_rather_than_silently_computed" time="0.001" /><testcase classname="tests.training.phase18.test_setup_buffer" name="test_the_batch_carries_forty_prefix_rows_per_ready_setup_with_no_mask" time="0.002" /><testcase classname="tests.training.phase18.test_setup_buffer" name="test_an_outcome_finishing_under_the_next_pool_attributes_to_the_old_row" time="0.001" /><testcase classname="tests.training.phase18.test_setup_buffer" name="test_an_undersized_window_raises_rather_than_dropping_the_outcome" time="0.001" /><testcase classname="tests.training.phase18.test_setup_buffer" name="test_the_advantage_uses_recorded_behavior_quantities_not_a_reforward" time="0.006" /><testcase classname="tests.training.phase18.test_setup_buffer" name="test_counts_and_ready_flags_reset_when_a_new_pool_arrives" time="0.001" /><testcase classname="tests.training.phase18.test_setup_buffer" name="test_minibatches_flip_played_boards_back_and_refuse_a_corrupted_record" time="0.003" /><testcase classname="tests.training.phase18.test_setup_learning" name="test_the_entropy_target_is_i_over_ten_and_the_head_converges_to_it_not_to_i" time="6.386" /><testcase classname="tests.training.phase18.test_setup_learning" name="test_a_ratio_of_one_gives_minus_the_mean_advantage" time="0.012" /><testcase classname="tests.training.phase18.test_setup_learning" name="test_a_positive_advantage_with_ratio_above_1_2_is_clipped_and_a_negative_below_0_8_is_clipped" time="0.041" /><testcase classname="tests.training.phase18.test_setup_learning" name="test_the_kl_is_current_given_behavior_and_illegal_types_contribute_exactly_zero" time="0.031" /><testcase classname="tests.training.phase18.test_setup_learning" name="test_the_four_coefficients_are_frozen_and_the_total_is_their_weighted_sum" time="0.014" /><testcase classname="tests.training.phase18.test_setup_learning" name="test_adam_and_adamw_at_zero_weight_decay_take_identical_steps" time="4.760" /><testcase classname="tests.training.phase18.test_setup_learning" name="test_the_trainer_uses_adamw_with_zero_decay_and_the_config_refuses_a_nonzero_decay" time="0.003" /><testcase classname="tests.training.phase18.test_setup_learning" name="test_one_optimizer_step_per_minibatch_per_epoch_and_one_ema_update[48-48-5]" time="0.146" /><testcase classname="tests.training.phase18.test_setup_learning" name="test_one_optimizer_step_per_minibatch_per_epoch_and_one_ema_update[48-32-10]" time="0.187" /><testcase classname="tests.training.phase18.test_setup_learning" name="test_one_optimizer_step_per_minibatch_per_epoch_and_one_ema_update[48-16-15]" time="0.227" /><testcase classname="tests.training.phase18.test_setup_learning" name="test_the_production_batch_is_1024_setups_which_is_one_step_per_epoch_at_1024_ready" time="0.000" /><testcase classname="tests.training.phase18.test_setup_learning" name="test_the_post_clip_norm_never_exceeds_0_5_and_only_setup_parameters_are_stepped" time="0.141" /><testcase classname="tests.training.phase18.test_setup_learning" name="test_the_ema_follows_the_closed_form_and_is_updated_once_per_update" time="0.346" /><testcase classname="tests.training.phase18.test_setup_learning" name="test_the_raw_model_generates_and_the_ema_only_evaluates" time="0.147" /><testcase classname="tests.training.phase18.test_setup_learning" name="test_save_reload_and_one_more_update[cpu]" time="0.694" /><testcase classname="tests.training.phase18.test_setup_learning" name="test_save_reload_and_one_more_update[mps]" time="2.456" /><testcase classname="tests.training.phase18.test_setup_learning" name="test_a_tampered_checkpoint_file_is_refused" time="0.021" /><testcase classname="tests.training.phase18.test_setup_learning" name="test_a_non_finite_loss_is_fatal" time="0.015" /><testcase classname="tests.training.phase18.test_setup_model" name="test_parameter_count_is_exactly_802320" time="0.000" /><testcase classname="tests.training.phase18.test_setup_model" name="test_architecture_is_4_128_4_512_pre_layernorm" time="0.000" /><testcase classname="tests.training.phase18.test_setup_model" name="test_a_different_width_is_refused_rather_than_accepted_quietly" time="0.002" /><testcase classname="tests.training.phase18.test_setup_model" name="test_state_dict_shapes_match_the_accepted_phase17_architecture" time="0.005" /><testcase classname="tests.training.phase18.test_setup_model" name="test_positional_embeddings_initialise_at_std_0_1" time="0.100" /><testcase classname="tests.training.phase18.test_setup_model" name="test_build_is_reproducible_from_a_seed_and_leaves_the_global_rng_alone" time="0.013" /><testcase classname="tests.training.phase18.test_setup_model" name="test_every_head_reports_at_all_forty_prefixes" time="0.002" /><testcase classname="tests.training.phase18.test_setup_model" name="test_prefix_k_is_a_function_of_the_first_k_placements_only" time="0.006" /><testcase classname="tests.training.phase18.test_setup_model" name="test_prefix_k_has_seen_exactly_k_placements" time="0.004" /><testcase classname="tests.training.phase18.test_setup_model" name="test_sequence_longer_than_the_contract_is_refused" time="0.000" /><testcase classname="tests.training.phase18.test_setup_model" name="test_twelve_way_softmax_equals_the_published_fourteen_way_softmax_restricted_to_live_classes" time="0.000" /><testcase classname="tests.training.phase18.test_setup_sampling" name="test_remaining_counts_come_only_from_the_prefix" time="0.000" /><testcase classname="tests.training.phase18.test_setup_sampling" name="test_an_over_used_type_raises_rather_than_being_repaired" time="0.000" /><testcase classname="tests.training.phase18.test_setup_sampling" name="test_exhausted_types_receive_probability_exactly_zero" time="0.000" /><testcase classname="tests.training.phase18.test_setup_sampling" name="test_after_all_eight_scouts_are_placed_the_scout_probability_is_exactly_zero" time="0.000" /><testcase classname="tests.training.phase18.test_setup_sampling" name="test_every_generated_setup_reproduces_the_classic_piece_counts" time="0.001" /><testcase classname="tests.training.phase18.test_setup_sampling" name="test_batched_remaining_reads_only_the_prefix_columns" time="0.000" /><testcase classname="tests.training.phase18.test_setup_sampling" name="test_recorded_masks_are_inventory_and_handedness_and_nothing_is_passed_in" time="0.001" /><testcase classname="tests.training.phase18.test_setup_sampling" name="test_the_handedness_mask_forbids_the_flag_on_the_left_five_files_only" time="0.000" /><testcase classname="tests.training.phase18.test_setup_sampling" name="test_forced_generation_puts_the_flag_in_the_permitted_half_100_percent" time="0.000" /><testcase classname="tests.training.phase18.test_setup_sampling" name="test_reduction_without_forced_handedness_reproduces_the_unconstrained_distribution" time="0.862" /><testcase classname="tests.training.phase18.test_setup_sampling" name="test_reflection_is_an_involution_and_matches_the_accepted_helper" time="0.000" /><testcase classname="tests.training.phase18.test_setup_sampling" name="test_reflected_fraction_is_one_half_within_binomial_tolerance" time="3.415" /><testcase classname="tests.training.phase18.test_setup_sampling" name="test_the_reflection_stream_is_independent_of_the_token_stream" time="0.000" /><testcase classname="tests.training.phase18.test_setup_sampling" name="test_a_reflected_sample_plays_the_mirror_and_keeps_its_network_record" time="0.001" /><testcase classname="tests.training.phase18.test_setup_sampling" name="test_flipping_a_played_board_back_recovers_the_network_tokens_and_the_recorded_nll" time="0.002" /><testcase classname="tests.training.phase18.test_setup_sampling" name="test_gathering_against_the_played_orientation_would_be_wrong_for_reflected_samples" time="0.001" /><testcase classname="tests.training.phase18.test_setup_sampling" name="test_red_is_the_identity_and_blue_reverses_the_ranks" time="0.002" /><testcase classname="tests.training.phase18.test_setup_sampling" name="test_canonical_blue_handed_straight_to_the_engine_is_rejected" time="0.000" /><testcase classname="tests.training.phase18.test_setup_sampling" name="test_blue_flags_land_on_blue_back_rows_not_front_rows" time="0.000" /><testcase classname="tests.training.phase18.test_setup_sampling" name="test_an_illegal_inventory_or_unknown_player_never_reaches_the_engine" time="0.000" /><testcase classname="tests.training.phase18.test_setup_sampling" name="test_every_pooled_board_is_accepted_by_engine_game_creation_without_a_move_played" time="0.002" /><testcase classname="tests.training.phase18.test_setup_sampling" name="test_suffix_information_is_the_reverse_cumulative_surprisal" time="0.000" /><testcase classname="tests.training.phase18.test_setup_sampling" name="test_information_recursion_holds_on_recorded_samples" time="0.001" /><testcase classname="tests.training.phase18.test_setup_sampling" name="test_a_pool_of_1024_has_1024_distinct_entries_split_512_per_lane" time="3.490" /><testcase classname="tests.training.phase18.test_setup_sampling" name="test_generation_is_deterministic_and_independent_of_the_pool_size" time="0.251" /><testcase classname="tests.training.phase18.test_setup_sampling" name="test_seed_domains_are_separated" time="0.000" /><testcase classname="tests.training.phase18.test_setup_sampling" name="test_opening_move_predicate_matches_the_engine_at_ply_zero" time="0.003" /><testcase classname="tests.training.phase18.test_setup_sampling" name="test_a_terminal_setup_is_flagged_by_the_sample_and_counted_by_the_pool" time="0.000" /><testcase classname="tests.training.phase18.test_setup_sampling" name="test_inverse_cdf_respects_the_mask_at_the_top_of_the_unit_interval" time="0.000" /><testcase classname="tests.training.phase18.test_setup_sampling" name="test_inverse_cdf_partitions_the_unit_interval_by_probability" time="0.082" /><testcase classname="tests.training.phase18.test_setup_sampling" name="test_generation_on_mps_produces_only_legal_handed_setups" time="0.723" /><testcase classname="tests.training.phase18.test_synthetic_assay" name="test_the_frozen_design_enforces_every_minimum_of_the_instruction" time="0.000" /><testcase classname="tests.training.phase18.test_synthetic_assay" name="test_every_seed_derives_from_the_namespace_through_derive_stream_seed" time="0.001" /><testcase classname="tests.training.phase18.test_synthetic_assay" name="test_the_runner_calls_only_outcomes_for_on_the_learning_side" time="2.473" /><testcase classname="tests.training.phase18.test_synthetic_assay" name="test_the_reduced_run_writes_every_artifact_with_zero_integrity_events" time="0.001" /><testcase classname="tests.training.phase18.test_synthetic_assay" name="test_the_outcome_receipts_replay_deterministically_from_the_seeds" time="0.001" /><testcase classname="tests.training.phase18.test_synthetic_assay" name="test_the_evaluation_stream_is_the_same_at_every_endpoint" time="0.000" /><testcase classname="tests.training.phase18.test_synthetic_landscape" name="test_the_table_is_deterministic_versioned_and_reflection_invariant" time="0.006" /><testcase classname="tests.training.phase18.test_synthetic_landscape" name="test_utility_is_reflection_invariant_and_the_vectorised_form_agrees" time="0.002" /><testcase classname="tests.training.phase18.test_synthetic_landscape" name="test_the_uniform_moments_are_exact_against_monte_carlo" time="0.125" /><testcase classname="tests.training.phase18.test_synthetic_landscape" name="test_the_exact_optimum_is_certified_by_duality_and_dominates_random_and_greedy" time="0.065" /><testcase classname="tests.training.phase18.test_synthetic_landscape" name="test_outcomes_are_seeded_deterministic_and_carry_no_utility" time="0.000" /><testcase classname="tests.training.phase18.test_synthetic_landscape" name="test_outcome_frequencies_follow_the_mapping" time="0.308" /><testcase classname="tests.training.phase18.test_synthetic_landscape" name="test_the_document_round_trips_and_a_drifted_table_is_refused" time="0.010" /></testsuite></testsuites>