<?xml version="1.0" encoding="utf-8"?><testsuites name="pytest tests"><testsuite name="pytest" errors="0" failures="0" skipped="0" tests="86" time="2.500" timestamp="2026-09-02T09:23:29.632079-04:00" hostname="Mac.lan"><testcase classname="tests.evaluation.phase18.test_g1_harness.TestSealing" name="test_a_finalized_selection_is_accepted" time="0.003" /><testcase classname="tests.evaluation.phase18.test_g1_harness.TestSealing" name="test_a_missing_manifest_refuses" time="0.001" /><testcase classname="tests.evaluation.phase18.test_g1_harness.TestSealing" name="test_no_selected_checkpoint_refuses" time="0.001" /><testcase classname="tests.evaluation.phase18.test_g1_harness.TestSealing" name="test_a_selection_that_saw_held_out_data_refuses[protocol0]" time="0.001" /><testcase classname="tests.evaluation.phase18.test_g1_harness.TestSealing" name="test_a_selection_that_saw_held_out_data_refuses[protocol1]" time="0.001" /><testcase classname="tests.evaluation.phase18.test_g1_harness.TestSealing" name="test_a_selection_that_saw_held_out_data_refuses[protocol2]" time="0.001" /><testcase classname="tests.evaluation.phase18.test_g1_harness.TestSealing" name="test_a_control_that_already_touched_test_refuses" time="0.001" /><testcase classname="tests.evaluation.phase18.test_g1_harness.TestOverlay" name="test_the_reference_overlay_is_the_accepted_evidence" time="0.005" /><testcase classname="tests.evaluation.phase18.test_g1_harness.TestOverlay" name="test_only_the_two_agent_6_artifacts_are_swapped" time="0.005" /><testcase classname="tests.evaluation.phase18.test_g1_harness.TestOverlay" name="test_a_non_agent_6_swap_is_refused" time="0.004" /><testcase classname="tests.evaluation.phase18.test_g1_harness.TestCheckpointStaging" name="test_the_copy_is_byte_identical_and_read_only" time="0.001" /><testcase classname="tests.evaluation.phase18.test_g1_harness.TestCheckpointStaging" name="test_restaging_replaces_a_read_only_copy" time="0.001" /><testcase classname="tests.evaluation.phase18.test_g1_harness.TestPairingProof" name="test_matched_arms_have_no_problems" time="0.000" /><testcase classname="tests.evaluation.phase18.test_g1_harness.TestPairingProof" name="test_a_different_game_set_is_caught" time="0.000" /><testcase classname="tests.evaluation.phase18.test_g1_harness.TestPairingProof" name="test_a_model_independent_field_that_moved_is_caught" time="0.000" /><testcase classname="tests.evaluation.phase18.test_g1_harness.TestPairingProof" name="test_a_model_dependent_difference_is_not_a_problem" time="0.000" /><testcase classname="tests.evaluation.phase18.test_g1_harness.TestPairingProof" name="test_a_different_schedule_is_caught" time="0.000" /><testcase classname="tests.evaluation.phase18.test_g1_harness.TestPairingProof" name="test_different_setup_pairs_are_caught" time="0.000" /><testcase classname="tests.evaluation.phase18.test_g1_harness.TestTheFortyTwoGates" name="test_the_gate_names_round_trip_from_the_accepted_artifact" time="0.000" /><testcase classname="tests.evaluation.phase18.test_g1_harness.TestTheFortyTwoGates" name="test_a_verification_problem_fails_its_gate" time="0.000" /><testcase classname="tests.evaluation.phase18.test_g1_harness.TestAcceptedArtifactProtection" name="test_the_accepted_root_is_derived_from_the_pinned_corpus_root" time="0.000" /><testcase classname="tests.evaluation.phase18.test_g1_harness.TestAcceptedArtifactProtection" name="test_the_protected_digests_match_the_accepted_record" time="0.005" /><testcase classname="tests.evaluation.phase18.test_g1_harness.TestAcceptedArtifactProtection" name="test_a_missing_accepted_artifact_refuses" time="0.000" /><testcase classname="tests.evaluation.phase18.test_g1_harness.TestPairedUnitLoading" name="test_missing_results_are_refused" time="0.000" /><testcase classname="tests.evaluation.phase18.test_g1_harness.TestControlDriverLocationOverride" name="test_the_override_rebinds_only_the_relative_constant" time="0.011" /><testcase classname="tests.evaluation.phase18.test_g1_harness.TestControlDriverLocationOverride" name="test_the_untouched_assertion_depends_on_the_checkout_location" time="0.000" /><testcase classname="tests.evaluation.phase18.test_noninferiority.TestPairing" name="test_identical_arms_give_a_degenerate_interval" time="0.013" /><testcase classname="tests.evaluation.phase18.test_noninferiority.TestPairing" name="test_identical_unit_scores_give_a_degenerate_interval" time="0.000" /><testcase classname="tests.evaluation.phase18.test_noninferiority.TestPairing" name="test_pairing_is_tighter_than_independent_resampling" time="0.003" /><testcase classname="tests.evaluation.phase18.test_noninferiority.TestAgreementWithTheAcceptedPrimitives" name="test_ratio_delta_against_a_constant_arm_matches_the_accepted_draw" time="0.001" /><testcase classname="tests.evaluation.phase18.test_noninferiority.TestAgreementWithTheAcceptedPrimitives" name="test_unit_delta_against_a_constant_arm_matches_the_accepted_draw" time="0.002" /><testcase classname="tests.evaluation.phase18.test_noninferiority.TestAgreementWithTheAcceptedPrimitives" name="test_the_chunk_size_cannot_move_a_result" time="0.001" /><testcase classname="tests.evaluation.phase18.test_noninferiority.TestMarginSemantics" name="test_delta_max_reads_the_upper_bound" time="0.000" /><testcase classname="tests.evaluation.phase18.test_noninferiority.TestMarginSemantics" name="test_delta_min_reads_the_lower_bound" time="0.000" /><testcase classname="tests.evaluation.phase18.test_noninferiority.TestMarginSemantics" name="test_a_good_point_estimate_with_a_crossing_interval_fails" time="0.001" /><testcase classname="tests.evaluation.phase18.test_noninferiority.TestMarginSemantics" name="test_unknown_direction_is_refused" time="0.000" /><testcase classname="tests.evaluation.phase18.test_noninferiority.TestRefusals" name="test_misaligned_arms_are_refused" time="0.000" /><testcase classname="tests.evaluation.phase18.test_noninferiority.TestRefusals" name="test_an_empty_sample_is_refused" time="0.000" /><testcase classname="tests.evaluation.phase18.test_noninferiority.TestRefusals" name="test_a_zero_denominator_arm_is_refused" time="0.000" /><testcase classname="tests.evaluation.phase18.test_noninferiority" name="test_the_frozen_contract_constants_are_what_the_contract_says" time="0.000" /><testcase classname="tests.evaluation.phase18.test_random_confirmation.TestCheckpointRefusal" name="test_a_wrong_digest_is_blocked" time="0.001" /><testcase classname="tests.evaluation.phase18.test_random_confirmation.TestCheckpointRefusal" name="test_a_missing_checkpoint_is_blocked" time="0.004" /><testcase classname="tests.evaluation.phase18.test_random_confirmation.TestCheckpointRefusal" name="test_the_frozen_paths_carry_the_frozen_identities" time="0.007" /><testcase classname="tests.evaluation.phase18.test_random_confirmation.TestBankGeneration" name="test_generation_is_deterministic" time="0.032" /><testcase classname="tests.evaluation.phase18.test_random_confirmation.TestBankGeneration" name="test_the_namespace_seeds_are_frozen" time="0.000" /><testcase classname="tests.evaluation.phase18.test_random_confirmation.TestBankGeneration" name="test_a_different_root_seed_builds_a_different_bank" time="0.038" /><testcase classname="tests.evaluation.phase18.test_random_confirmation.TestBankGeneration" name="test_the_bank_holds_exactly_4096_unique_pairs" time="1.006" /><testcase classname="tests.evaluation.phase18.test_random_confirmation.TestBankGeneration" name="test_the_bank_record_is_self_verifying" time="0.003" /><testcase classname="tests.evaluation.phase18.test_random_confirmation.TestSeparation" name="test_the_real_bank_is_independent_of_the_original" time="0.683" /><testcase classname="tests.evaluation.phase18.test_random_confirmation.TestSeparation" name="test_the_audit_catches_cross_bank_overlap" time="0.105" /><testcase classname="tests.evaluation.phase18.test_random_confirmation.TestSeparation" name="test_the_audit_catches_an_internal_duplicate" time="0.004" /><testcase classname="tests.evaluation.phase18.test_random_confirmation.TestSeparation" name="test_a_horizontal_mirror_collides_in_class_space" time="0.000" /><testcase classname="tests.evaluation.phase18.test_random_confirmation.TestSchedule" name="test_the_schedule_is_deterministic_and_shared" time="0.000" /><testcase classname="tests.evaluation.phase18.test_random_confirmation.TestSchedule" name="test_every_match_binds_the_confirmation_bank" time="0.000" /><testcase classname="tests.evaluation.phase18.test_random_confirmation.TestSchedule" name="test_both_colours_appear_once_per_pair" time="0.000" /><testcase classname="tests.evaluation.phase18.test_random_confirmation.TestArmIdentity" name="test_identical_cases_prove_identity" time="0.000" /><testcase classname="tests.evaluation.phase18.test_random_confirmation.TestArmIdentity" name="test_a_moved_seed_is_caught" time="0.000" /><testcase classname="tests.evaluation.phase18.test_random_confirmation.TestArmIdentity" name="test_a_different_opponent_is_caught" time="0.000" /><testcase classname="tests.evaluation.phase18.test_random_confirmation.TestArmIdentity" name="test_a_different_case_set_is_caught" time="0.000" /><testcase classname="tests.evaluation.phase18.test_random_confirmation.TestPairedUnits" name="test_both_colours_are_one_bootstrap_unit" time="0.000" /><testcase classname="tests.evaluation.phase18.test_random_confirmation.TestPairedUnits" name="test_receipts_recompute_the_unit_scores" time="0.001" /><testcase classname="tests.evaluation.phase18.test_random_confirmation.TestPairedUnits" name="test_a_missing_colour_is_blocked" time="0.001" /><testcase classname="tests.evaluation.phase18.test_random_confirmation.TestPairedUnits" name="test_an_errored_receipt_is_blocked_not_scored" time="0.001" /><testcase classname="tests.evaluation.phase18.test_random_confirmation.TestPairedUnits" name="test_a_duplicated_colour_is_blocked" time="0.001" /><testcase classname="tests.evaluation.phase18.test_random_confirmation.TestDecision" name="test_ten_thousand_replicates_are_deterministic" time="0.009" /><testcase classname="tests.evaluation.phase18.test_random_confirmation.TestDecision" name="test_the_lower_bound_decides_in_the_right_direction" time="0.000" /><testcase classname="tests.evaluation.phase18.test_random_confirmation.TestDecision" name="test_the_rule_is_strict_at_the_margin" time="0.000" /><testcase classname="tests.evaluation.phase18.test_random_confirmation.TestDecision" name="test_an_upper_bound_cannot_decide" time="0.000" /><testcase classname="tests.evaluation.phase18.test_random_confirmation.TestPower" name="test_the_frozen_sizing_reproduces_the_audit" time="0.000" /><testcase classname="tests.evaluation.phase18.test_random_confirmation.TestPower" name="test_the_planning_sd_reproduces_the_original_instrument" time="0.000" /><testcase classname="tests.evaluation.phase18.test_random_confirmation.TestPower" name="test_power_needs_a_certifiable_configuration" time="0.000" /><testcase classname="tests.evaluation.phase18.test_random_confirmation.TestAccounting" name="test_a_complete_arm_reconciles" time="0.000" /><testcase classname="tests.evaluation.phase18.test_random_confirmation.TestAccounting" name="test_a_missing_game_is_missing_not_a_draw" time="0.000" /><testcase classname="tests.evaluation.phase18.test_random_confirmation.TestAccounting" name="test_a_failed_game_is_failed_not_a_draw" time="0.000" /><testcase classname="tests.evaluation.phase18.test_random_confirmation.TestAccounting" name="test_an_unplanned_or_duplicated_row_breaks_reconciliation" time="0.000" /><testcase classname="tests.evaluation.phase18.test_random_confirmation.TestRetrySafety" name="test_a_completed_run_is_reused_without_replaying" time="0.001" /><testcase classname="tests.evaluation.phase18.test_random_confirmation.TestRetrySafety" name="test_a_crash_resumes_by_replaying_only_the_missing_chunks" time="0.001" /><testcase classname="tests.evaluation.phase18.test_random_confirmation.TestRetrySafety" name="test_a_foreign_chunk_file_is_refused_not_scored" time="0.001" /><testcase classname="tests.evaluation.phase18.test_random_confirmation.TestSealedPathUnreachable" name="test_the_driver_references_no_corpus_or_test_split_path" time="0.000" /><testcase classname="tests.evaluation.phase18.test_random_confirmation.TestSealedPathUnreachable" name="test_the_confirmation_modules_reference_no_corpus_path" time="0.000" /><testcase classname="tests.evaluation.phase18.test_random_confirmation.TestSealedPathUnreachable" name="test_the_planned_sealed_access_is_zero" time="0.000" /><testcase classname="tests.evaluation.phase18.test_random_confirmation.TestProtectedArtifacts" name="test_the_protected_set_hashes_to_the_frozen_identities" time="0.009" /><testcase classname="tests.evaluation.phase18.test_random_confirmation.TestProtectedArtifacts" name="test_a_missing_protected_artifact_is_blocked" time="0.001" /><testcase classname="tests.evaluation.phase18.test_random_confirmation.TestProtectedArtifacts" name="test_a_changed_protected_artifact_is_detectable" time="0.001" /><testcase classname="tests.evaluation.phase18.test_random_confirmation.TestFrozenContract" name="test_the_committed_contract_matches_the_frozen_design" time="0.013" /><testcase classname="tests.evaluation.phase18.test_random_confirmation.TestFrozenContract" name="test_fingerprints_bind_the_receipts_to_the_bank" time="0.000" /></testsuite></testsuites>